0 info it worked if it ends with ok
1 verbose cli [
1 verbose cli   '/opt/hostedtoolcache/node/16.20.2/x64/bin/node',
1 verbose cli   '/home/runner/work/FORKX/FORKX/node_modules/.bin/npm',
1 verbose cli   'run',
1 verbose cli   'code'
1 verbose cli ]
2 info using npm@2.15.12
3 info using node@v16.20.2
4 verbose stack Error: Invalid version: "1.3.2-(beta)"
4 verbose stack     at Object.fixVersionField (/home/runner/work/FORKX/FORKX/node_modules/npm/node_modules/normalize-package-data/lib/fixer.js:191:13)
4 verbose stack     at /home/runner/work/FORKX/FORKX/node_modules/npm/node_modules/normalize-package-data/lib/normalize.js:32:38
4 verbose stack     at Array.forEach (<anonymous>)
4 verbose stack     at normalize (/home/runner/work/FORKX/FORKX/node_modules/npm/node_modules/normalize-package-data/lib/normalize.js:31:15)
4 verbose stack     at final (/home/runner/work/FORKX/FORKX/node_modules/npm/node_modules/read-package-json/read-json.js:349:5)
4 verbose stack     at then (/home/runner/work/FORKX/FORKX/node_modules/npm/node_modules/read-package-json/read-json.js:124:5)
4 verbose stack     at /home/runner/work/FORKX/FORKX/node_modules/npm/node_modules/read-package-json/read-json.js:311:12
4 verbose stack     at /home/runner/work/FORKX/FORKX/node_modules/npm/node_modules/graceful-fs/graceful-fs.js:78:16
4 verbose stack     at FSReqCallback.readFileAfterClose [as oncomplete] (node:internal/fs/read_file_context:68:3)
5 verbose cwd /home/runner/work/FORKX/FORKX
6 error Linux 6.5.0-1015-azure
7 error argv "/opt/hostedtoolcache/node/16.20.2/x64/bin/node" "/home/runner/work/FORKX/FORKX/node_modules/.bin/npm" "run" "code"
8 error node v16.20.2
9 error npm  v2.15.12
10 error Invalid version: "1.3.2-(beta)"
11 error If you need help, you may report this error at:
11 error     <https://github.com/npm/npm/issues>
12 verbose exit [ 1, true ]
